
     HOLP Site Information Form (site log)
     International GNSS Service
     See Instructions at:
       ftp://igs.org/pub/station/general/sitelog_instr.txt

0.   Form

     Prepared by (full name)  : David Maggert
     Date Prepared            : 2017-02-15
     Report Type              : UPDATE
     If Update:
      Previous Site Log       : holp_20151124.log
      Modified/Added Sections : 3.11, 3.12


1.   Site Identification of the GNSS Monument

     Site Name                : Hollydale
     Four Character ID        : HOLP
     Monument Inscription     : 
     IERS DOMES Number        : 49903M001
     CDP Number               : 
     Monument Description     : Wyatt/Agnew driven-braced
       Height of the Monument : 
       Monument Foundation    : 
       Foundation Depth       : 
     Marker Description       : Filled notch in veritcal pipe
     Date Installed           : 1995-04-05T00:00Z
     Geologic Characteristic  : unconsolidated fine-grained alluvium
       Bedrock Type           : 
       Bedrock Condition      : 
       Fracture Spacing       : 
       Fault zones nearby     : 
         Distance/activity    : 
     Additional Information   : Monument is a drilled-braced type set with a
                              : hollow-stem auger. All legs very well isolated
                              : from the uppermost ~12 ft. soil. Legs are 3"
                              : dia. galv. pipe extending to approx. 30' depth.
                              : SCIGN - Southern California Integrated GPS
                              : Network


2.   Site Location Information

     City or Town             : Hollydale
     State or Province        : California
     Country                  : United States of America
     Tectonic Plate           : PACIFIC
     Approximate Position (ITRF)
       X coordinate (m)       : -2500946.0962
       Y coordinate (m)       : -4670472.9515
       Z coordinate (m)       : 3539500.5469
       Latitude (N is +)      : +335528.34
       Longitude (E is +)     : -1181005.41
       Elevation (m,ellips.)  : -6.71
     Additional Information   : Los Angeles County. 


3.   GNSS Receiver Information

3.1  Receiver Type            : ASHTECH Z-XII3
     Satellite System         : GPS
     Serial Number            : 04378
     Firmware Version         : NAV 1E24 CHN 1C70
     Elevation Cutoff Setting : 
     Date Installed           : 1995-04-05T00:00Z
     Date Removed             : 1995-04-19T00:00Z
     Temperature Stabiliz.    : none
     Additional Information   : First Measurements; (USGS Property #G-615680)

3.2  Receiver Type            : ASHTECH Z-XII3
     Satellite System         : GPS
     Serial Number            : 04538
     Firmware Version         : NAV 1E24 CHN 1C70
     Elevation Cutoff Setting : 
     Date Installed           : 1995-04-19T00:00Z
     Date Removed             : 1996-09-24T00:00Z
     Temperature Stabiliz.    : none
     Additional Information   : Exchanged rx unit (RAM upgrade); (USGS Property
                              : #G-615680)

3.3  Receiver Type            : ASHTECH Z-XII3
     Satellite System         : GPS
     Serial Number            : 04538
     Firmware Version         : 1E95
     Elevation Cutoff Setting : 
     Date Installed           : 1996-09-24T00:00Z
     Date Removed             : 1997-11-19T00:00Z
     Temperature Stabiliz.    : none
     Additional Information   : Firmware upgrade

3.4  Receiver Type            : ASHTECH Z-XII3
     Satellite System         : GPS
     Serial Number            : LP02771
     Firmware Version         : NAV 1F50 1D02
     Elevation Cutoff Setting : 
     Date Installed           : 1997-11-19T00:00Z
     Date Removed             : 1999-06-07T00:00Z
     Temperature Stabiliz.    : none
     Additional Information   : New reciever with updated firmware installed to
                              : accommodate new met package.

3.5  Receiver Type            : ASHTECH Z-XII3
     Satellite System         : GPS
     Serial Number            : LP02797
     Firmware Version         : CC00
     Elevation Cutoff Setting : 10 deg
     Date Installed           : 1999-06-07T00:00Z
     Date Removed             : 2006-07-11T00:00Z
     Temperature Stabiliz.    : none
     Additional Information   : Receiver swap and firmware upgrade.

3.6  Receiver Type            : ASHTECH Z-XII3
     Satellite System         : GPS
     Serial Number            : LP03254
     Firmware Version         : CC00
     Elevation Cutoff Setting : 
     Date Installed           : 2006-07-11T00:00Z
     Date Removed             : 2007-02-22T00:00Z
     Temperature Stabiliz.    : none
     Additional Information   : 

3.7  Receiver Type            : ASHTECH Z-XII3
     Satellite System         : GPS
     Serial Number            : LP03178
     Firmware Version         : CC00
     Elevation Cutoff Setting : 
     Date Installed           : 2007-02-22T00:00Z
     Date Removed             : 2011-04-05T18:40Z
     Temperature Stabiliz.    : none
     Additional Information   : 

3.8  Receiver Type            : TPS NET-G3A
     Satellite System         : GPS
     Serial Number            : 618-01104
     Firmware Version         : 3.5 May,06,2010
     Elevation Cutoff Setting : 5 deg
     Date Installed           : 2011-04-05T18:52Z
     Date Removed             : 2013-06-19T20:52Z
     Temperature Stabiliz.    : none
     Additional Information   : 

3.9  Receiver Type            : TPS NET-G3A
     Satellite System         : GPS
     Serial Number            : 618-01104
     Firmware Version         : 4.0 Dec,21,2012 p1
     Elevation Cutoff Setting : 5 deg
     Date Installed           : 2013-06-19T21:26Z
     Date Removed             : 2015-04-28T03:00Z
     Temperature Stabiliz.    : none
     Additional Information   : 

3.10 Receiver Type            : TPS NET-G3A
     Satellite System         : GPS+GLO
     Serial Number            : 618-01104
     Firmware Version         : 4.0 Dec,21,2012 p1
     Elevation Cutoff Setting : 5 deg
     Date Installed           : 2015-04-28T03:00Z
     Date Removed             : 2015-11-18T18:04Z
     Temperature Stabiliz.    : 
     Additional Information   : Added GLONASS

3.11 Receiver Type            : TPS NET-G3A
     Satellite System         : GPS+GLO
     Serial Number            : 618-01104
     Firmware Version         : 4.5 Dec,29,2014
     Elevation Cutoff Setting : 5 deg
     Date Installed           : 2015-11-18T18:09Z
     Date Removed             : 2017-02-13T22:40Z
     Temperature Stabiliz.    : 
     Additional Information   : 

3.12 Receiver Type            : TPS NET-G3A
     Satellite System         : GPS
     Serial Number            : 618-01104
     Firmware Version         : 4.7 Oct,18,2016 p2
     Elevation Cutoff Setting : 5 deg
     Date Installed           : 2017-02-13T22:40Z
     Date Removed             : CCYY-MM-DDThh:mmZ
     Temperature Stabiliz.    : 
     Additional Information   : 

3.x  Receiver Type            : (A20, from rcvr_ant.tab; see instructions)
     Satellite System         : (GPS+GLO+GAL+BDS+QZSS+SBAS)
     Serial Number            : (A20, but note the first A5 is used in SINEX)
     Firmware Version         : (A11)
     Elevation Cutoff Setting : (deg)
     Date Installed           : (CCYY-MM-DDThh:mmZ)
     Date Removed             : (CCYY-MM-DDThh:mmZ)
     Temperature Stabiliz.    : (none or tolerance in degrees C)
     Additional Information   : (multiple lines)


4.   GNSS Antenna Information

4.1  Antenna Type             : ASH700718B      NONE
     Serial Number            : 10965
     Antenna Reference Point  : BPA
     Marker->ARP Up Ecc. (m)  : 0.1495
     Marker->ARP North Ecc(m) : 0.0000
     Marker->ARP East Ecc(m)  : 0.0000
     Alignment from True N    : 
     Antenna Radome Type      : NONE
     Radome Serial Number     : 
     Antenna Cable Type       : 
     Antenna Cable Length     : 
     Date Installed           : 1995-04-05T00:00Z
     Date Removed             : 1995-05-19T00:00Z
     Additional Information   : First Measurements. Vertical datum is a filed
                              : notch in vertical pipe. Antenna is attached by a
                              : pipe fitting removable adaptor.

4.2  Antenna Type             : ASH700936A_M    SNOW
     Serial Number            : 11481
     Antenna Reference Point  : BPA
     Marker->ARP Up Ecc. (m)  : 0.1310
     Marker->ARP North Ecc(m) : 0.0000
     Marker->ARP East Ecc(m)  : 0.0000
     Alignment from True N    : 
     Antenna Radome Type      : SNOW
     Radome Serial Number     : 
     Antenna Cable Type       : 
     Antenna Cable Length     : 
     Date Installed           : 1995-05-19T00:00Z
     Date Removed             : 2012-10-12T17:00Z
     Additional Information   : Antenna exchanged old LGP replaced with DM
                              : type.
                              : NOTE: same filed notch used as vertical datum.

4.3  Antenna Type             : TPSCR.G3        SCIS
     Serial Number            : 383-1915
     Antenna Reference Point  : BPA
     Marker->ARP Up Ecc. (m)  : 0.1310
     Marker->ARP North Ecc(m) : 0.0000
     Marker->ARP East Ecc(m)  : 0.0000
     Alignment from True N    : 0 deg
     Antenna Radome Type      : SCIS
     Radome Serial Number     : 0524
     Antenna Cable Type       : 
     Antenna Cable Length     : 
     Date Installed           : 2012-10-12T17:14Z
     Date Removed             : CCYY-MM-DDThh:mmZ
     Additional Information   : 

4.x  Antenna Type             : (A20, from rcvr_ant.tab; see instructions)
     Serial Number            : (A*, but note the first A5 is used in SINEX)
     Antenna Reference Point  : (BPA/BCR/XXX from "antenna.gra"; see instr.)
     Marker->ARP Up Ecc. (m)  : (F8.4)
     Marker->ARP North Ecc(m) : (F8.4)
     Marker->ARP East Ecc(m)  : (F8.4)
     Alignment from True N    : (deg; + is clockwise/east)
     Antenna Radome Type      : (A4 from rcvr_ant.tab; see instructions)
     Radome Serial Number     : 
     Antenna Cable Type       : (vendor & type number)
     Antenna Cable Length     : (m)
     Date Installed           : (CCYY-MM-DDThh:mmZ)
     Date Removed             : (CCYY-MM-DDThh:mmZ)
     Additional Information   : (multiple lines)


5.   Surveyed Local Ties

5.x  Tied Marker Name         : 
     Tied Marker Usage        : (SLR/VLBI/LOCAL CONTROL/FOOTPRINT/etc)
     Tied Marker CDP Number   : (A4)
     Tied Marker DOMES Number : (A9)
     Differential Components from GNSS Marker to the tied monument (ITRS)
       dx (m)                 : (m)
       dy (m)                 : (m)
       dz (m)                 : (m)
     Accuracy (mm)            : (mm)
     Survey method            : (GPS CAMPAIGN/TRILATERATION/TRIANGULATION/etc)
     Date Measured            : (CCYY-MM-DDThh:mmZ)
     Additional Information   : (multiple lines)


6.   Frequency Standard

6.1  Standard Type            : INTERNAL
       Input Frequency        : 
       Effective Dates        : 1995-04-05/CCYY-MM-DD
       Notes                  : 

6.x  Standard Type            : (INTERNAL or EXTERNAL H-MASER/CESIUM/etc)
       Input Frequency        : (if external)
       Effective Dates        : (CCYY-MM-DD/CCYY-MM-DD)
       Notes                  : (multiple lines)


7.   Collocation Information

7.x  Instrumentation Type     : (GPS/GLONASS/DORIS/PRARE/SLR/VLBI/TIME/etc)
       Status                 : (PERMANENT/MOBILE)
       Effective Dates        : (CCYY-MM-DD/CCYY-MM-DD)
       Notes                  : (multiple lines)


8.   Meteorological Instrumentation

8.1.1  Humidity Sensor Model  : MET3
       Manufacturer           : Paroscientific
       Serial Number          : 67619
       Data Sampling Interval : 600 sec
       Accuracy (% rel h)     : 2
       Aspiration             : 
       Height Diff to Ant     : unknown m
       Calibration date       : (CCYY-MM-DD)
       Effective Dates        : 1997-11-19/CCYY-MM-DD
       Notes                  : MET3 not connected to Topcon receiver on
                              : 2011-04-05.

8.1.x  Humidity Sensor Model  : 
       Manufacturer           : 
       Serial Number          : 
       Data Sampling Interval : (sec)
       Accuracy (% rel h)     : (% rel h)
       Aspiration             : (UNASPIRATED/NATURAL/FAN/etc)
       Height Diff to Ant     : (m)
       Calibration date       : (CCYY-MM-DD)
       Effective Dates        : (CCYY-MM-DD/CCYY-MM-DD)
       Notes                  : (multiple lines)

8.2.1  Pressure Sensor Model  : MET3
       Manufacturer           : Paroscientific
       Serial Number          : 67619
       Data Sampling Interval : 600 sec
       Accuracy               : 0.5 hPa
       Height Diff to Ant     : unknown m
       Calibration date       : (CCYY-MM-DD)
       Effective Dates        : 1997-11-19/CCYY-MM-DD
       Notes                  : MET3 not connected to Topcon receiver on
                              : 2011-04-05.

8.2.x  Pressure Sensor Model  : 
       Manufacturer           : 
       Serial Number          : 
       Data Sampling Interval : (sec)
       Accuracy               : (hPa)
       Height Diff to Ant     : (m)
       Calibration date       : (CCYY-MM-DD)
       Effective Dates        : (CCYY-MM-DD/CCYY-MM-DD)
       Notes                  : (multiple lines)

8.3.1  Temp. Sensor Model     : MET3
       Manufacturer           : Paroscientific
       Serial Number          : 67619
       Data Sampling Interval : 600 sec
       Accuracy               : 0.5 deg C
       Aspiration             : 
       Height Diff to Ant     : unknown m
       Calibration date       : 
       Effective Dates        : 1997-11-19/CCYY-MM-DD
       Notes                  : MET3 not connected to Topcon receiver on
                              : 2011-04-05.

8.3.x  Temp. Sensor Model     : 
       Manufacturer           : 
       Serial Number          : 
       Data Sampling Interval : (sec)
       Accuracy               : (deg C)
       Aspiration             : (UNASPIRATED/NATURAL/FAN/etc)
       Height Diff to Ant     : (m)
       Calibration date       : (CCYY-MM-DD)
       Effective Dates        : (CCYY-MM-DD/CCYY-MM-DD)
       Notes                  : (multiple lines)

8.4.x  Water Vapor Radiometer : 
       Manufacturer           : 
       Serial Number          : 
       Distance to Antenna    : (m)
       Height Diff to Ant     : (m)
       Calibration date       : (CCYY-MM-DD)
       Effective Dates        : (CCYY-MM-DD/CCYY-MM-DD)
       Notes                  : (multiple lines)

8.5.x  Other Instrumentation  : (multiple lines)


9.   Local Ongoing Conditions Possibly Affecting Computed Position

9.1.x  Radio Interferences    : (TV/CELL PHONE ANTENNA/RADAR/etc)
       Observed Degradations  : (SN RATIO/DATA GAPS/etc)
       Effective Dates        : (CCYY-MM-DD/CCYY-MM-DD)
       Additional Information : (multiple lines)

9.2.x  Multipath Sources      : (METAL ROOF/DOME/VLBI ANTENNA/etc)
       Effective Dates        : (CCYY-MM-DD/CCYY-MM-DD)
       Additional Information : (multiple lines)

9.3.x  Signal Obstructions    : (TREES/BUILDINGS/etc)
       Effective Dates        : (CCYY-MM-DD/CCYY-MM-DD)
       Additional Information : (multiple lines)


10.  Local Episodic Effects Possibly Affecting Data Quality

10.x Date                     : (CCYY-MM-DD/CCYY-MM-DD)
     Event                    : (TREE CLEARING/CONSTRUCTION/etc)

11.  On-Site, Point of Contact Agency Information

     Agency                   : USGS
     Preferred Abbreviation   : USGS
     Mailing Address          : USGS Pasadena Field Office
                              : 525 South Wilson Avenue
                              : Pasadena, CA  91107
     Primary Contact
       Contact Name           : Ken Hudnut
       Telephone (primary)    : 626-583-7232
       Telephone (secondary)  : 
       Fax                    : 626-583-7827
       E-mail                 : hudnut@usgs.gov
     Secondary Contact
       Contact Name           : Dan Determan
       Telephone (primary)    : 626-583-6729
       Telephone (secondary)  : 
       Fax                    : 
       E-mail                 : ddeterman@usgs.gov
     Additional Information   : 


12.  Responsible Agency (if different from 11.)

     Agency                   : 
     Preferred Abbreviation   : 
     Mailing Address          : 
     Primary Contact
       Contact Name           : 
       Telephone (primary)    : 
       Telephone (secondary)  : 
       Fax                    : 
       E-mail                 : 
     Secondary Contact
       Contact Name           : 
       Telephone (primary)    : 
       Telephone (secondary)  : 
       Fax                    : 
       E-mail                 : 
     Additional Information   : 

13.  More Information

     Primary Data Center      : CDDIS
     Secondary Data Center    : IGN
     URL for More Information : http://www.unavco.org
     Hardcopy on File
       Site Map               : Y
       Site Diagram           : 
       Horizon Mask           : Y
       Monument Description   : Y
       Site Pictures          : Y
     Additional Information   : 
     Antenna Graphics with Dimensions

TPSCR.G3

                       +-------+
                     /           \
                    |             |
  +-----------------+-------------+-----------------+     <--  0.1015  TCR
  |                                                 |
  |                                                 |
  |                                                 |
  |                                                 |
+-+-------------------------------------------------+-+
+-------------------+-------------+-------------------+   <--  0.0345  BCR
                    |             |
                    |             |
                    +------x------+                       <--  0.0000  BPA=ARP

                    <--  0.2380 -->
<--                      0.3800                     -->






